<?xml version="1.0" encoding="UTF-8"?>
<!-- Generated by org.testng.reporters.JUnitReportReporter -->
<testsuite skipped="0" hostname="DESKTOP-N7G24QF" name="Academy.HomePageTest" tests="2" failures="0" timestamp="2021-08-03T09:48:30 GST" time="13.215" errors="0">
  <testcase name="basePageNavigation" time="3.417" classname="Academy.HomePageTest"/>
  <system-out/>
  <testcase name="basePageNavigation" time="9.798" classname="Academy.HomePageTest"/>
  <system-out/>
</testsuite> <!-- Academy.HomePageTest -->
