<?xml version="1.0" encoding="UTF-8"?>
<!-- Generated by org.testng.reporters.JUnitReportReporter -->
<testsuite skipped="0" hostname="DESKTOP-N7G24QF" name="cucumberOptions.TestRunner" tests="1" failures="0" timestamp="2021-08-06T10:25:37 GST" time="30.448" errors="0">
  <testcase name="feature" time="30.448" classname="cucumberOptions.TestRunner"/>
  <system-out/>
</testsuite> <!-- cucumberOptions.TestRunner -->
