<?xml version="1.0" encoding="UTF-8"?>
<!-- Generated by org.testng.reporters.JUnitReportReporter -->
<testsuite skipped="0" hostname="DESKTOP-N7G24QF" name="Academy.ValidateNavigationTest" tests="1" failures="0" timestamp="2021-08-03T09:48:30 GST" time="0.364" errors="0">
  <testcase name="validateNavigation" time="0.364" classname="Academy.ValidateNavigationTest"/>
  <system-out/>
</testsuite> <!-- Academy.ValidateNavigationTest -->
