<?xml version="1.0" encoding="UTF-8"?>
<!-- Generated by org.testng.reporters.JUnitReportReporter -->
<testsuite skipped="0" hostname="DESKTOP-N7G24QF" name="Academy.HomePageTest" tests="3" failures="0" timestamp="2021-08-03T22:25:50 GST" time="17.440" errors="0">
  <testcase name="basePageNavigation" time="11.595" classname="Academy.HomePageTest"/>
  <system-out/>
  <testcase name="basePageNavigation" time="3.035" classname="Academy.HomePageTest"/>
  <system-out/>
  <testcase name="basePageNavigation" time="2.810" classname="Academy.HomePageTest"/>
  <system-out/>
</testsuite> <!-- Academy.HomePageTest -->
