<?xml version="1.0" encoding="UTF-8"?>
<!-- Generated by org.testng.reporters.JUnitReportReporter -->
<testsuite skipped="0" hostname="DESKTOP-N7G24QF" name="Academy.ValidateNavigationTest" tests="1" failures="0" timestamp="2021-08-03T22:25:50 GST" time="2.305" errors="0">
  <testcase name="validateNavigation" time="2.305" classname="Academy.ValidateNavigationTest"/>
  <system-out/>
</testsuite> <!-- Academy.ValidateNavigationTest -->
